[2023-11-24T00:33:44.623393+01:00] MeuApp.ERROR: Ocorreu um erro:  [] []
[2023-11-24T00:34:18.322119+01:00] MeuApp.ERROR: Ocorreu um erro:  [] []
[2023-11-24T00:35:14.303922+01:00] MeuApp.ERROR: Ocorreu um erro:  [] []
[2023-11-24T00:35:17.992030+01:00] MeuApp.ERROR: Ocorreu um erro:  [] []
[2023-11-24T00:35:19.530016+01:00] MeuApp.ERROR: Ocorreu um erro:  [] []
[2023-11-24T00:35:36.299581+01:00] MeuApp.ERROR: Ocorreu um erro:  [] []
[2023-11-24T00:35:44.168930+01:00] MeuApp.ERROR: Ocorreu um erro:  [] []
[2023-11-24T00:37:08.793537+01:00] MeuApp.ERROR: Ocorreu um erro:  [] []
[2023-11-24T00:37:08.803680+01:00] MeuApp.INFO: A rota /hello foi acessada com o nome: oi [] []
[2023-11-24T00:37:54.900689+01:00] MeuApp.ERROR: Ocorreu um erro:  [] []
[2023-11-24T00:38:02.775326+01:00] MeuApp.ERROR: Ocorreu um erro:  [] []
[2023-11-24T00:38:02.782777+01:00] MeuApp.INFO: A rota /home foi acessada com o nome: oi [] []
[2023-11-24T01:38:45.901407+01:00] MeuApp.ERROR: Ocorreu um erro:  [] []
[2023-11-24T01:38:53.327699+01:00] MeuApp.ERROR: Ocorreu um erro:  [] []
[2023-11-24T01:38:59.576145+01:00] MeuApp.ERROR: Ocorreu um erro:  [] []
[2023-11-24T01:39:34.284366+01:00] MeuApp.ERROR: Ocorreu um erro:  [] []
[2023-11-24T01:40:42.842775+01:00] MeuApp.ERROR: Ocorreu um erro:  [] []
[2023-11-24T01:40:42.852690+01:00] MeuApp.INFO: A rota /home foi acessada com o nome: oi [] []
[2023-11-24T01:41:15.313035+01:00] MeuApp.ERROR: Ocorreu um erro:  [] []
[2023-11-24T01:41:15.320829+01:00] MeuApp.INFO: A rota /home foi acessada com o nome: oi [] []
[2023-11-24T01:41:19.733873+01:00] MeuApp.ERROR: Ocorreu um erro:  [] []
[2023-11-24T01:41:25.734659+01:00] MeuApp.ERROR: Ocorreu um erro:  [] []
[2023-11-24T01:41:25.742367+01:00] MeuApp.INFO: A rota /home foi acessada com o nome: t [] []
[2023-11-24T01:42:28.512320+01:00] MeuApp.ERROR: Ocorreu um erro:  [] []
[2023-11-24T01:42:33.063418+01:00] MeuApp.ERROR: Ocorreu um erro:  [] []
[2023-11-24T01:42:33.071250+01:00] MeuApp.INFO: A rota /home foi acessada com o nome: t [] []
[2023-11-24T01:42:54.620608+01:00] MeuApp.ERROR: Ocorreu um erro:  [] []
[2023-11-24T01:42:54.630669+01:00] MeuApp.INFO: A rota /home foi acessada com o nome: t [] []
[2023-11-24T01:42:55.983368+01:00] MeuApp.ERROR: Ocorreu um erro:  [] []
[2023-11-24T01:42:55.990955+01:00] MeuApp.INFO: A rota /home foi acessada com o nome: t [] []
[2023-11-24T01:43:12.532611+01:00] MeuApp.ERROR: Ocorreu um erro:  [] []
[2023-11-24T01:43:12.542716+01:00] MeuApp.INFO: A rota /home foi acessada com o nome: t [] []
[2023-11-24T01:44:09.053169+01:00] MeuApp.ERROR: Ocorreu um erro:  [] []
[2023-11-24T01:44:09.063258+01:00] MeuApp.INFO: A rota /home foi acessada com o nome: t [] []
[2023-11-24T01:44:32.671719+01:00] MeuApp.ERROR: Ocorreu um erro:  [] []
[2023-11-24T01:46:37.570571+01:00] MeuApp.ERROR: Ocorreu um erro:  [] []
[2023-11-24T01:46:37.580342+01:00] MeuApp.INFO: A rota /home foi acessada com o nome: t [] []
[2023-11-24T01:46:41.554392+01:00] MeuApp.ERROR: Ocorreu um erro:  [] []
[2023-11-24T01:46:41.561894+01:00] MeuApp.INFO: A rota /home foi acessada com o nome: igvfg [] []
[2023-11-24T01:46:57.351381+01:00] MeuApp.ERROR: Ocorreu um erro:  [] []
[2023-11-24T01:46:57.358869+01:00] MeuApp.INFO: A rota /home foi acessada com o nome: igvfg [] []
[2023-11-24T01:47:01.179023+01:00] MeuApp.ERROR: Ocorreu um erro:  [] []
[2023-11-24T01:47:03.740748+01:00] MeuApp.ERROR: Ocorreu um erro:  [] []
[2023-11-24T01:47:15.338367+01:00] MeuApp.ERROR: Ocorreu um erro:  [] []
[2023-11-24T01:47:17.036742+01:00] MeuApp.ERROR: Ocorreu um erro:  [] []
[2023-11-24T01:47:18.645036+01:00] MeuApp.ERROR: Ocorreu um erro:  [] []
[2023-11-24T01:47:18.924059+01:00] MeuApp.ERROR: Ocorreu um erro:  [] []
[2023-11-24T01:47:19.147396+01:00] MeuApp.ERROR: Ocorreu um erro:  [] []
[2023-11-24T01:47:19.412531+01:00] MeuApp.ERROR: Ocorreu um erro:  [] []
[2023-11-24T01:47:27.874575+01:00] MeuApp.ERROR: Ocorreu um erro:  [] []
[2023-11-24T01:47:27.882266+01:00] MeuApp.INFO: A rota /home foi acessada com o nome: oiii [] []
[2023-11-24T01:49:46.530053+01:00] MeuApp.INFO: A rota /home foi acessada com o nome: oiii [] []
[2023-11-24T01:49:47.993803+01:00] MeuApp.INFO: A rota /home foi acessada com o nome: oiii [] []
[2023-11-24T01:49:48.648540+01:00] MeuApp.INFO: A rota /home foi acessada com o nome: oiii [] []
[2023-11-24T01:49:48.887914+01:00] MeuApp.INFO: A rota /home foi acessada com o nome: oiii [] []
[2023-11-24T01:49:49.102908+01:00] MeuApp.INFO: A rota /home foi acessada com o nome: oiii [] []
[2023-11-24T01:49:49.320847+01:00] MeuApp.INFO: A rota /home foi acessada com o nome: oiii [] []
[2023-11-24T01:49:57.407601+01:00] MeuApp.INFO: A rota /home foi acessada com o nome: fgregbghbg [] []
[2023-11-24T01:49:58.634282+01:00] MeuApp.INFO: A rota /home foi acessada com o nome: fgregbghbg [] []
[2023-11-24T01:49:59.400199+01:00] MeuApp.INFO: A rota /home foi acessada com o nome: fgregbghbg [] []
[2023-11-24T01:51:09.953232+01:00] MeuApp.INFO: A rota /home foi acessada com o nome: fgregbghbg [] []
[2023-11-24T01:53:18.678175+01:00] MeuApp.INFO: Logger instance created. [] []
[2023-11-24T01:53:18.688124+01:00] MeuApp.INFO: A rota /home foi acessada com o nome: fgregbghbg [] []
[2023-11-24T01:53:20.039540+01:00] MeuApp.INFO: Logger instance created. [] []
[2023-11-24T01:53:20.046918+01:00] MeuApp.INFO: A rota /home foi acessada com o nome: fgregbghbg [] []
[2023-11-24T01:53:20.849648+01:00] MeuApp.INFO: Logger instance created. [] []
[2023-11-24T01:53:20.857086+01:00] MeuApp.INFO: A rota /home foi acessada com o nome: fgregbghbg [] []
[2023-11-24T01:53:23.933810+01:00] MeuApp.INFO: Logger instance created. [] []
[2023-11-24T01:53:23.940925+01:00] MeuApp.INFO: A rota /home foi acessada com o nome: fgreg [] []
[2023-11-24T01:54:42.844711+01:00] MeuApp.ERROR: Ocorreu um erro:  [] []
[2023-11-24T01:54:42.854884+01:00] MeuApp.INFO: A rota /home foi acessada com o nome: fgreg [] []
[2023-11-24T01:57:45.323528+01:00] MeuApp.ERROR: Ocorreu um erro:  [] []
[2023-11-24T01:57:53.843560+01:00] MeuApp.ERROR: Ocorreu um erro:  [] []
[2023-11-24T01:57:53.851229+01:00] MeuApp.INFO: A rota /hello foi acessada com o nome: fgreg [] []
[2023-11-24T01:58:11.502262+01:00] MeuApp.ERROR: Ocorreu um erro:  [] []
[2023-11-24T01:58:11.510164+01:00] MeuApp.INFO: A rota /hello foi acessada com o nome: fgreg [] []
[2023-11-24T01:58:12.219492+01:00] MeuApp.ERROR: Ocorreu um erro:  [] []
[2023-11-24T01:58:12.226830+01:00] MeuApp.INFO: A rota /hello foi acessada com o nome: fgreg [] []
[2023-11-24T01:58:12.581040+01:00] MeuApp.ERROR: Ocorreu um erro:  [] []
[2023-11-24T01:58:12.588439+01:00] MeuApp.INFO: A rota /hello foi acessada com o nome: fgreg [] []
[2023-11-24T01:58:12.781799+01:00] MeuApp.ERROR: Ocorreu um erro:  [] []
[2023-11-24T01:58:12.791292+01:00] MeuApp.INFO: A rota /hello foi acessada com o nome: fgreg [] []
[2023-11-24T01:58:12.981398+01:00] MeuApp.ERROR: Ocorreu um erro:  [] []
[2023-11-24T01:58:12.988661+01:00] MeuApp.INFO: A rota /hello foi acessada com o nome: fgreg [] []
[2023-11-24T01:58:13.156075+01:00] MeuApp.ERROR: Ocorreu um erro:  [] []
[2023-11-24T01:58:13.163681+01:00] MeuApp.INFO: A rota /hello foi acessada com o nome: fgreg [] []
[2023-11-24T01:58:13.347407+01:00] MeuApp.ERROR: Ocorreu um erro:  [] []
[2023-11-24T01:58:13.354671+01:00] MeuApp.INFO: A rota /hello foi acessada com o nome: fgreg [] []
[2023-11-24T01:58:22.082568+01:00] MeuApp.ERROR: Ocorreu um erro:  [] []
[2023-11-24T01:58:33.464598+01:00] MeuApp.ERROR: Ocorreu um erro:  [] []
[2023-11-24T01:58:33.471995+01:00] MeuApp.INFO: A rota /hello foi acessada com o nome: oi [] []
[2023-11-24T02:01:24.755532+01:00] MeuApp.ERROR: Ocorreu um erro:  [] []
[2023-11-24T02:01:24.765002+01:00] MeuApp.INFO: A rota /home foi acessada com o nome: gfgbgb [] []
[2023-11-24T02:01:35.387041+01:00] MeuApp.ERROR: Ocorreu um erro:  [] []
[2023-11-24T02:01:35.394939+01:00] MeuApp.INFO: A rota /home foi acessada com o nome: gfgbgb [] []
[2023-11-24T02:03:14.294873+01:00] MeuApp.INFO: A rota /home foi acessada com o nome: gfgbgb [] []
[2023-11-24T02:03:25.949538+01:00] MeuApp.INFO: A rota /home foi acessada com o nome: oi [] []
